[ 2017-07-08T13:25:13+08:00 ] 127.0.0.1 /
INFO: [ app_init ] --START--
INFO: Run Behavior\BuildLiteBehavior [ RunTime:0.000000s ]
INFO: [ app_init ] --END-- [ RunTime:0.004000s ]
INFO: [ app_begin ] --START--
INFO: Run Behavior\ReadHtmlCacheBehavior [ RunTime:0.004000s ]
INFO: [ app_begin ] --END-- [ RunTime:0.004000s ]
SQL: SHOW COLUMNS FROM `zl_article` [ RunTime:0.0920s ]
SQL: SELECT * FROM `zl_article` left join zl_article_category on zl_article_category.category_id = zl_article.category_id  WHERE zl_article.deleted = 0 AND zl_article.disabled = 0 ORDER BY zl_article.created_time  [ RunTime:0.1020s ]
NOTIC: [2] Missing argument 1 for Common\Model\ArticleModel::totalArticelCategoryList(), called in E:\zliang\Application\Home\Controller\IndexController.class.php on line 18 and defined E:\zliang\Application\Common\Model\ArticleModel.class.php 第 8 行.
NOTIC: [8] Undefined variable: categoryId E:\zliang\Application\Common\Model\ArticleModel.class.php 第 13 行.
SQL: SELECT count(*) as article_num,zl_article_category.category_name,zl_article_category.category_id FROM `zl_article` left join zl_article_category on zl_article_category.category_id = zl_article.category_id  GROUP BY zl_article.category_id  [ RunTime:0.0060s ]
INFO: [ view_parse ] --START--
INFO: [ template_filter ] --START--
INFO: Run Behavior\ContentReplaceBehavior [ RunTime:0.001000s ]
INFO: [ template_filter ] --END-- [ RunTime:0.001000s ]
INFO: Run Behavior\ParseTemplateBehavior [ RunTime:0.055004s ]
INFO: [ view_parse ] --END-- [ RunTime:0.055004s ]
INFO: [ view_filter ] --START--
INFO: Run Behavior\WriteHtmlCacheBehavior [ RunTime:0.003000s ]
INFO: [ view_filter ] --END-- [ RunTime:0.003000s ]
INFO: [ app_end ] --START--
INFO: Run Behavior\ShowPageTraceBehavior [ RunTime:0.007000s ]
INFO: [ app_end ] --END-- [ RunTime:0.007000s ]

[ 2017-07-08T13:25:32+08:00 ] 127.0.0.1 /index.php/Home/Article/detail?article_id=40
INFO: [ app_init ] --START--
INFO: Run Behavior\BuildLiteBehavior [ RunTime:0.000000s ]
INFO: [ app_init ] --END-- [ RunTime:0.005000s ]
INFO: [ app_begin ] --START--
INFO: Run Behavior\ReadHtmlCacheBehavior [ RunTime:0.004001s ]
INFO: [ app_begin ] --END-- [ RunTime:0.004001s ]
SQL: SHOW COLUMNS FROM `zl_article` [ RunTime:0.0150s ]
SQL: SELECT * FROM `zl_article` WHERE ( article_id =40 ) LIMIT 1   [ RunTime:0.0010s ]
INFO: [ view_parse ] --START--
INFO: [ template_filter ] --START--
INFO: Run Behavior\ContentReplaceBehavior [ RunTime:0.000000s ]
INFO: [ template_filter ] --END-- [ RunTime:0.000000s ]
INFO: Run Behavior\ParseTemplateBehavior [ RunTime:0.084005s ]
INFO: [ view_parse ] --END-- [ RunTime:0.084005s ]
INFO: [ view_filter ] --START--
INFO: Run Behavior\WriteHtmlCacheBehavior [ RunTime:0.003000s ]
INFO: [ view_filter ] --END-- [ RunTime:0.003000s ]
INFO: [ app_end ] --START--
INFO: Run Behavior\ShowPageTraceBehavior [ RunTime:0.015001s ]
INFO: [ app_end ] --END-- [ RunTime:0.015001s ]

[ 2017-07-08T13:25:34+08:00 ] 127.0.0.1 /index.php/Home/Article/favicon.ico
INFO: [ app_init ] --START--
INFO: Run Behavior\BuildLiteBehavior [ RunTime:0.000000s ]
INFO: [ app_init ] --END-- [ RunTime:0.003000s ]

[ 2017-07-08T13:26:06+08:00 ] 127.0.0.1 /
INFO: [ app_init ] --START--
INFO: Run Behavior\BuildLiteBehavior [ RunTime:0.000000s ]
INFO: [ app_init ] --END-- [ RunTime:0.003000s ]
INFO: [ app_begin ] --START--
INFO: Run Behavior\ReadHtmlCacheBehavior [ RunTime:0.003000s ]
INFO: [ app_begin ] --END-- [ RunTime:0.004000s ]
SQL: SHOW COLUMNS FROM `zl_article` [ RunTime:0.0140s ]
SQL: SELECT * FROM `zl_article` left join zl_article_category on zl_article_category.category_id = zl_article.category_id  WHERE zl_article.deleted = 0 AND zl_article.disabled = 0 ORDER BY zl_article.created_time  [ RunTime:0.0080s ]
NOTIC: [2] Missing argument 1 for Common\Model\ArticleModel::totalArticelCategoryList(), called in E:\zliang\Application\Home\Controller\IndexController.class.php on line 18 and defined E:\zliang\Application\Common\Model\ArticleModel.class.php 第 8 行.
NOTIC: [8] Undefined variable: categoryId E:\zliang\Application\Common\Model\ArticleModel.class.php 第 13 行.
SQL: SELECT count(*) as article_num,zl_article_category.category_name,zl_article_category.category_id FROM `zl_article` left join zl_article_category on zl_article_category.category_id = zl_article.category_id  GROUP BY zl_article.category_id  [ RunTime:0.0020s ]
INFO: [ view_parse ] --START--
INFO: [ template_filter ] --START--
INFO: Run Behavior\ContentReplaceBehavior [ RunTime:0.000000s ]
INFO: [ template_filter ] --END-- [ RunTime:0.000000s ]
INFO: Run Behavior\ParseTemplateBehavior [ RunTime:0.149008s ]
INFO: [ view_parse ] --END-- [ RunTime:0.149008s ]
INFO: [ view_filter ] --START--
INFO: Run Behavior\WriteHtmlCacheBehavior [ RunTime:0.003000s ]
INFO: [ view_filter ] --END-- [ RunTime:0.003000s ]
INFO: [ app_end ] --START--
INFO: Run Behavior\ShowPageTraceBehavior [ RunTime:0.105006s ]
INFO: [ app_end ] --END-- [ RunTime:0.105006s ]

[ 2017-07-08T13:29:27+08:00 ] 127.0.0.1 /
INFO: [ app_init ] --START--
INFO: Run Behavior\BuildLiteBehavior [ RunTime:0.000000s ]
INFO: [ app_init ] --END-- [ RunTime:0.003000s ]
INFO: [ app_begin ] --START--
INFO: Run Behavior\ReadHtmlCacheBehavior [ RunTime:0.003000s ]
INFO: [ app_begin ] --END-- [ RunTime:0.003000s ]
SQL: SHOW COLUMNS FROM `zl_article` [ RunTime:0.0210s ]
SQL: SELECT * FROM `zl_article` left join zl_article_category on zl_article_category.category_id = zl_article.category_id  WHERE zl_article.deleted = 0 AND zl_article.disabled = 0 ORDER BY zl_article.created_time  [ RunTime:0.0030s ]
NOTIC: [2] Missing argument 1 for Common\Model\ArticleModel::totalArticelCategoryList(), called in E:\zliang\Application\Home\Controller\IndexController.class.php on line 18 and defined E:\zliang\Application\Common\Model\ArticleModel.class.php 第 8 行.
NOTIC: [8] Undefined variable: categoryId E:\zliang\Application\Common\Model\ArticleModel.class.php 第 13 行.
SQL: SELECT count(*) as article_num,zl_article_category.category_name,zl_article_category.category_id FROM `zl_article` left join zl_article_category on zl_article_category.category_id = zl_article.category_id  GROUP BY zl_article.category_id  [ RunTime:0.0020s ]
INFO: [ view_parse ] --START--
INFO: [ template_filter ] --START--
INFO: Run Behavior\ContentReplaceBehavior [ RunTime:0.000000s ]
INFO: [ template_filter ] --END-- [ RunTime:0.001000s ]
INFO: Run Behavior\ParseTemplateBehavior [ RunTime:0.035002s ]
INFO: [ view_parse ] --END-- [ RunTime:0.035002s ]
INFO: [ view_filter ] --START--
INFO: Run Behavior\WriteHtmlCacheBehavior [ RunTime:0.002000s ]
INFO: [ view_filter ] --END-- [ RunTime:0.002000s ]
INFO: [ app_end ] --START--
INFO: Run Behavior\ShowPageTraceBehavior [ RunTime:0.002001s ]
INFO: [ app_end ] --END-- [ RunTime:0.002001s ]

[ 2017-07-08T13:59:37+08:00 ] 127.0.0.1 /
INFO: [ app_init ] --START--
INFO: Run Behavior\BuildLiteBehavior [ RunTime:0.000000s ]
INFO: [ app_init ] --END-- [ RunTime:0.015600s ]
INFO: [ app_begin ] --START--
INFO: Run Behavior\ReadHtmlCacheBehavior [ RunTime:0.000000s ]
INFO: [ app_begin ] --END-- [ RunTime:0.000000s ]
SQL: SHOW COLUMNS FROM `zl_article` [ RunTime:0.0180s ]
SQL: SELECT * FROM `zl_article` left join zl_article_category on zl_article_category.category_id = zl_article.category_id  WHERE zl_article.deleted = 0 AND zl_article.disabled = 0 ORDER BY zl_article.created_time  [ RunTime:0.0400s ]
NOTIC: [2] Missing argument 1 for Common\Model\ArticleModel::totalArticelCategoryList(), called in E:\zliang\Application\Home\Controller\IndexController.class.php on line 18 and defined E:\zliang\Application\Common\Model\ArticleModel.class.php 第 8 行.
NOTIC: [8] Undefined variable: categoryId E:\zliang\Application\Common\Model\ArticleModel.class.php 第 13 行.
SQL: SELECT count(*) as article_num,zl_article_category.category_name,zl_article_category.category_id FROM `zl_article` left join zl_article_category on zl_article_category.category_id = zl_article.category_id  GROUP BY zl_article.category_id  [ RunTime:0.0340s ]
INFO: [ view_parse ] --START--
INFO: [ template_filter ] --START--
INFO: Run Behavior\ContentReplaceBehavior [ RunTime:0.000000s ]
INFO: [ template_filter ] --END-- [ RunTime:0.001001s ]
INFO: Run Behavior\ParseTemplateBehavior [ RunTime:0.042003s ]
INFO: [ view_parse ] --END-- [ RunTime:0.042003s ]
INFO: [ view_filter ] --START--
INFO: Run Behavior\WriteHtmlCacheBehavior [ RunTime:0.002000s ]
INFO: [ view_filter ] --END-- [ RunTime:0.003000s ]
INFO: [ app_end ] --START--
INFO: Run Behavior\ShowPageTraceBehavior [ RunTime:0.003000s ]
INFO: [ app_end ] --END-- [ RunTime:0.003000s ]

[ 2017-07-08T14:10:09+08:00 ] 127.0.0.1 /index.php/Home/Article/list?category_id=
INFO: [ app_init ] --START--
INFO: Run Behavior\BuildLiteBehavior [ RunTime:0.000000s ]
INFO: [ app_init ] --END-- [ RunTime:0.003000s ]
INFO: [ app_begin ] --START--
INFO: Run Behavior\ReadHtmlCacheBehavior [ RunTime:0.005000s ]
INFO: [ app_begin ] --END-- [ RunTime:0.005000s ]
INFO: [ view_parse ] --START--
INFO: [ template_filter ] --START--
INFO: Run Behavior\ContentReplaceBehavior [ RunTime:0.000000s ]
INFO: [ template_filter ] --END-- [ RunTime:0.000000s ]
NOTIC: [8] Undefined variable: categoryInfo E:\zliang\Application\Runtime\Cache\Home\ff8d2e9a08e5b8bee21d40e9b5c7e8b2.php 第 134 行.
NOTIC: [8] Undefined variable: categoryInfo E:\zliang\Application\Runtime\Cache\Home\ff8d2e9a08e5b8bee21d40e9b5c7e8b2.php 第 135 行.
NOTIC: [8] Undefined variable: articleList E:\zliang\Application\Runtime\Cache\Home\ff8d2e9a08e5b8bee21d40e9b5c7e8b2.php 第 137 行.
NOTIC: [8] Undefined variable: type E:\zliang\Application\Runtime\Cache\Home\ff8d2e9a08e5b8bee21d40e9b5c7e8b2.php 第 155 行.
NOTIC: [8] Undefined variable: type_id E:\zliang\Application\Runtime\Cache\Home\ff8d2e9a08e5b8bee21d40e9b5c7e8b2.php 第 155 行.
INFO: Run Behavior\ParseTemplateBehavior [ RunTime:0.037002s ]
INFO: [ view_parse ] --END-- [ RunTime:0.037002s ]
INFO: [ view_filter ] --START--
INFO: Run Behavior\WriteHtmlCacheBehavior [ RunTime:0.003000s ]
INFO: [ view_filter ] --END-- [ RunTime:0.003000s ]
INFO: [ app_end ] --START--
INFO: Run Behavior\ShowPageTraceBehavior [ RunTime:0.007000s ]
INFO: [ app_end ] --END-- [ RunTime:0.007000s ]

[ 2017-07-08T14:10:11+08:00 ] 127.0.0.1 /index.php/Home/Article/favicon.ico
INFO: [ app_init ] --START--
INFO: Run Behavior\BuildLiteBehavior [ RunTime:0.000000s ]
INFO: [ app_init ] --END-- [ RunTime:0.000000s ]

[ 2017-07-08T14:16:40+08:00 ] 127.0.0.1 /
INFO: [ app_init ] --START--
INFO: Run Behavior\BuildLiteBehavior [ RunTime:0.000000s ]
INFO: [ app_init ] --END-- [ RunTime:0.003001s ]
INFO: [ app_begin ] --START--
INFO: Run Behavior\ReadHtmlCacheBehavior [ RunTime:0.004000s ]
INFO: [ app_begin ] --END-- [ RunTime:0.004000s ]
SQL: SHOW COLUMNS FROM `zl_article` [ RunTime:0.0140s ]
SQL: SELECT * FROM `zl_article` left join zl_article_category on zl_article_category.category_id = zl_article.category_id  WHERE zl_article.deleted = 0 AND zl_article.disabled = 0 ORDER BY zl_article.created_time  [ RunTime:0.0380s ]
NOTIC: [2] Missing argument 1 for Common\Model\ArticleModel::totalArticelCategoryList(), called in E:\zliang\Application\Home\Controller\IndexController.class.php on line 18 and defined E:\zliang\Application\Common\Model\ArticleModel.class.php 第 8 行.
NOTIC: [8] Undefined variable: categoryId E:\zliang\Application\Common\Model\ArticleModel.class.php 第 13 行.
SQL: SELECT count(*) as article_num,zl_article_category.category_name,zl_article_category.category_id FROM `zl_article` left join zl_article_category on zl_article_category.category_id = zl_article.category_id  GROUP BY zl_article.category_id  [ RunTime:0.0010s ]
INFO: [ view_parse ] --START--
INFO: [ template_filter ] --START--
INFO: Run Behavior\ContentReplaceBehavior [ RunTime:0.000000s ]
INFO: [ template_filter ] --END-- [ RunTime:0.000000s ]
INFO: Run Behavior\ParseTemplateBehavior [ RunTime:0.032002s ]
INFO: [ view_parse ] --END-- [ RunTime:0.032002s ]
INFO: [ view_filter ] --START--
INFO: Run Behavior\WriteHtmlCacheBehavior [ RunTime:0.003000s ]
INFO: [ view_filter ] --END-- [ RunTime:0.003000s ]
INFO: [ app_end ] --START--
INFO: Run Behavior\ShowPageTraceBehavior [ RunTime:0.004000s ]
INFO: [ app_end ] --END-- [ RunTime:0.004000s ]

[ 2017-07-08T14:17:47+08:00 ] 127.0.0.1 /
INFO: [ app_init ] --START--
INFO: Run Behavior\BuildLiteBehavior [ RunTime:0.000000s ]
INFO: [ app_init ] --END-- [ RunTime:0.003001s ]
INFO: [ app_begin ] --START--
INFO: Run Behavior\ReadHtmlCacheBehavior [ RunTime:0.003000s ]
INFO: [ app_begin ] --END-- [ RunTime:0.003000s ]
SQL: SHOW COLUMNS FROM `zl_article` [ RunTime:0.0140s ]
SQL: SELECT * FROM `zl_article` left join zl_article_category on zl_article_category.category_id = zl_article.category_id  WHERE zl_article.deleted = 0 AND zl_article.disabled = 0 ORDER BY zl_article.created_time  [ RunTime:0.0010s ]
NOTIC: [2] Missing argument 1 for Common\Model\ArticleModel::totalArticelCategoryList(), called in E:\zliang\Application\Home\Controller\IndexController.class.php on line 18 and defined E:\zliang\Application\Common\Model\ArticleModel.class.php 第 8 行.
NOTIC: [8] Undefined variable: categoryId E:\zliang\Application\Common\Model\ArticleModel.class.php 第 13 行.
SQL: SELECT count(*) as article_num,zl_article_category.category_name,zl_article_category.category_id FROM `zl_article` left join zl_article_category on zl_article_category.category_id = zl_article.category_id  WHERE zl_article.deleted = 0 AND zl_article.disabled = 0 GROUP BY zl_article.category_id  [ RunTime:0.0010s ]
INFO: [ view_parse ] --START--
INFO: [ template_filter ] --START--
INFO: Run Behavior\ContentReplaceBehavior [ RunTime:0.000000s ]
INFO: [ template_filter ] --END-- [ RunTime:0.000000s ]
INFO: Run Behavior\ParseTemplateBehavior [ RunTime:0.035002s ]
INFO: [ view_parse ] --END-- [ RunTime:0.035002s ]
INFO: [ view_filter ] --START--
INFO: Run Behavior\WriteHtmlCacheBehavior [ RunTime:0.002000s ]
INFO: [ view_filter ] --END-- [ RunTime:0.002000s ]
INFO: [ app_end ] --START--
INFO: Run Behavior\ShowPageTraceBehavior [ RunTime:0.004000s ]
INFO: [ app_end ] --END-- [ RunTime:0.004000s ]

[ 2017-07-08T14:18:32+08:00 ] 127.0.0.1 /index.php/Home/DailyPie/yaowen
INFO: [ app_init ] --START--
INFO: Run Behavior\BuildLiteBehavior [ RunTime:0.000000s ]
INFO: [ app_init ] --END-- [ RunTime:0.002001s ]
INFO: [ app_begin ] --START--
INFO: Run Behavior\ReadHtmlCacheBehavior [ RunTime:0.008000s ]
INFO: [ app_begin ] --END-- [ RunTime:0.008000s ]
NOTIC: [8] curl_setopt(): CURLOPT_SSL_VERIFYHOST no longer accepts the value 1, value 2 will be used instead E:\zliang\Application\Common\Common\function.php 第 174 行.
INFO: [ view_parse ] --START--
INFO: [ template_filter ] --START--
INFO: Run Behavior\ContentReplaceBehavior [ RunTime:0.000000s ]
INFO: [ template_filter ] --END-- [ RunTime:0.000000s ]
INFO: Run Behavior\ParseTemplateBehavior [ RunTime:0.060004s ]
INFO: [ view_parse ] --END-- [ RunTime:0.060004s ]
INFO: [ view_filter ] --START--
INFO: Run Behavior\WriteHtmlCacheBehavior [ RunTime:0.002000s ]
INFO: [ view_filter ] --END-- [ RunTime:0.003000s ]
INFO: [ app_end ] --START--
INFO: Run Behavior\ShowPageTraceBehavior [ RunTime:0.002000s ]
INFO: [ app_end ] --END-- [ RunTime:0.004000s ]

[ 2017-07-08T14:18:32+08:00 ] 127.0.0.1 /
INFO: [ app_init ] --START--
INFO: Run Behavior\BuildLiteBehavior [ RunTime:0.000000s ]
INFO: [ app_init ] --END-- [ RunTime:0.003001s ]
INFO: [ app_begin ] --START--
INFO: Run Behavior\ReadHtmlCacheBehavior [ RunTime:0.003000s ]
INFO: [ app_begin ] --END-- [ RunTime:0.003000s ]
SQL: SHOW COLUMNS FROM `zl_article` [ RunTime:0.0150s ]
SQL: SELECT * FROM `zl_article` left join zl_article_category on zl_article_category.category_id = zl_article.category_id  WHERE zl_article.deleted = 0 AND zl_article.disabled = 0 ORDER BY zl_article.created_time  [ RunTime:0.0010s ]
NOTIC: [2] Missing argument 1 for Common\Model\ArticleModel::totalArticelCategoryList(), called in E:\zliang\Application\Home\Controller\IndexController.class.php on line 18 and defined E:\zliang\Application\Common\Model\ArticleModel.class.php 第 8 行.
NOTIC: [8] Undefined variable: categoryId E:\zliang\Application\Common\Model\ArticleModel.class.php 第 13 行.
SQL: SELECT count(*) as article_num,zl_article_category.category_name,zl_article_category.category_id FROM `zl_article` left join zl_article_category on zl_article_category.category_id = zl_article.category_id  WHERE zl_article.deleted = 0 AND zl_article.disabled = 0 GROUP BY zl_article.category_id  [ RunTime:0.0010s ]
INFO: [ view_parse ] --START--
INFO: [ template_filter ] --START--
INFO: Run Behavior\ContentReplaceBehavior [ RunTime:0.000000s ]
INFO: [ template_filter ] --END-- [ RunTime:0.001000s ]
INFO: Run Behavior\ParseTemplateBehavior [ RunTime:0.033002s ]
INFO: [ view_parse ] --END-- [ RunTime:0.033002s ]
INFO: [ view_filter ] --START--
INFO: Run Behavior\WriteHtmlCacheBehavior [ RunTime:0.003000s ]
INFO: [ view_filter ] --END-- [ RunTime:0.003000s ]
INFO: [ app_end ] --START--
INFO: Run Behavior\ShowPageTraceBehavior [ RunTime:0.003000s ]
INFO: [ app_end ] --END-- [ RunTime:0.003000s ]

[ 2017-07-08T14:25:40+08:00 ] 127.0.0.1 /index.php/Home/ContactUs/index
INFO: [ app_init ] --START--
INFO: Run Behavior\BuildLiteBehavior [ RunTime:0.000000s ]
INFO: [ app_init ] --END-- [ RunTime:0.003001s ]
INFO: [ app_begin ] --START--
INFO: Run Behavior\ReadHtmlCacheBehavior [ RunTime:0.004000s ]
INFO: [ app_begin ] --END-- [ RunTime:0.004000s ]
INFO: [ view_parse ] --START--
INFO: [ template_filter ] --START--
INFO: Run Behavior\ContentReplaceBehavior [ RunTime:0.000000s ]
INFO: [ template_filter ] --END-- [ RunTime:0.000000s ]
INFO: Run Behavior\ParseTemplateBehavior [ RunTime:0.099005s ]
INFO: [ view_parse ] --END-- [ RunTime:0.099005s ]
INFO: [ view_filter ] --START--
INFO: Run Behavior\WriteHtmlCacheBehavior [ RunTime:0.006001s ]
INFO: [ view_filter ] --END-- [ RunTime:0.006001s ]
INFO: [ app_end ] --START--
INFO: Run Behavior\ShowPageTraceBehavior [ RunTime:0.019001s ]
INFO: [ app_end ] --END-- [ RunTime:0.019001s ]

[ 2017-07-08T14:25:41+08:00 ] 127.0.0.1 /index.php/Home/ContactUs/favicon.ico
INFO: [ app_init ] --START--
INFO: Run Behavior\BuildLiteBehavior [ RunTime:0.000000s ]
INFO: [ app_init ] --END-- [ RunTime:0.003000s ]

[ 2017-07-08T14:42:28+08:00 ] 127.0.0.1 /
INFO: [ app_init ] --START--
INFO: Run Behavior\BuildLiteBehavior [ RunTime:0.000000s ]
INFO: [ app_init ] --END-- [ RunTime:0.004000s ]
INFO: [ app_begin ] --START--
INFO: Run Behavior\ReadHtmlCacheBehavior [ RunTime:0.004000s ]
INFO: [ app_begin ] --END-- [ RunTime:0.004000s ]
SQL: SHOW COLUMNS FROM `zl_article` [ RunTime:0.0160s ]
SQL: SELECT * FROM `zl_article` left join zl_article_category on zl_article_category.category_id = zl_article.category_id  WHERE zl_article.deleted = 0 AND zl_article.disabled = 0 ORDER BY zl_article.created_time  [ RunTime:0.0020s ]
NOTIC: [2] Missing argument 1 for Common\Model\ArticleModel::totalArticelCategoryList(), called in E:\zliang\Application\Home\Controller\IndexController.class.php on line 18 and defined E:\zliang\Application\Common\Model\ArticleModel.class.php 第 8 行.
NOTIC: [8] Undefined variable: categoryId E:\zliang\Application\Common\Model\ArticleModel.class.php 第 13 行.
SQL: SELECT count(*) as article_num,zl_article_category.category_name,zl_article_category.category_id FROM `zl_article` left join zl_article_category on zl_article_category.category_id = zl_article.category_id  WHERE zl_article.deleted = 0 AND zl_article.disabled = 0 GROUP BY zl_article.category_id  [ RunTime:0.0010s ]
INFO: [ view_parse ] --START--
INFO: [ template_filter ] --START--
INFO: Run Behavior\ContentReplaceBehavior [ RunTime:0.000000s ]
INFO: [ template_filter ] --END-- [ RunTime:0.000000s ]
INFO: Run Behavior\ParseTemplateBehavior [ RunTime:0.037002s ]
INFO: [ view_parse ] --END-- [ RunTime:0.038003s ]
INFO: [ view_filter ] --START--
INFO: Run Behavior\WriteHtmlCacheBehavior [ RunTime:0.003000s ]
INFO: [ view_filter ] --END-- [ RunTime:0.003000s ]
INFO: [ app_end ] --START--
INFO: Run Behavior\ShowPageTraceBehavior [ RunTime:0.005000s ]
INFO: [ app_end ] --END-- [ RunTime:0.005000s ]

[ 2017-07-08T14:48:08+08:00 ] 127.0.0.1 /
INFO: [ app_init ] --START--
INFO: Run Behavior\BuildLiteBehavior [ RunTime:0.000000s ]
INFO: [ app_init ] --END-- [ RunTime:0.003001s ]
INFO: [ app_begin ] --START--
INFO: Run Behavior\ReadHtmlCacheBehavior [ RunTime:0.005000s ]
INFO: [ app_begin ] --END-- [ RunTime:0.005000s ]
SQL: SHOW COLUMNS FROM `zl_article` [ RunTime:0.0140s ]
SQL: SELECT * FROM `zl_article` left join zl_article_category on zl_article_category.category_id = zl_article.category_id  WHERE zl_article.deleted = 0 AND zl_article.disabled = 0 ORDER BY zl_article.created_time  [ RunTime:0.0010s ]
NOTIC: [2] Missing argument 1 for Common\Model\ArticleModel::totalArticelCategoryList(), called in E:\zliang\Application\Home\Controller\IndexController.class.php on line 18 and defined E:\zliang\Application\Common\Model\ArticleModel.class.php 第 8 行.
NOTIC: [8] Undefined variable: categoryId E:\zliang\Application\Common\Model\ArticleModel.class.php 第 13 行.
SQL: SELECT count(*) as article_num,zl_article_category.category_name,zl_article_category.category_id FROM `zl_article` left join zl_article_category on zl_article_category.category_id = zl_article.category_id  WHERE zl_article.deleted = 0 AND zl_article.disabled = 0 GROUP BY zl_article.category_id  [ RunTime:0.0020s ]
INFO: [ view_parse ] --START--
INFO: [ template_filter ] --START--
INFO: Run Behavior\ContentReplaceBehavior [ RunTime:0.001000s ]
INFO: [ template_filter ] --END-- [ RunTime:0.001000s ]
INFO: Run Behavior\ParseTemplateBehavior [ RunTime:0.038002s ]
INFO: [ view_parse ] --END-- [ RunTime:0.038002s ]
INFO: [ view_filter ] --START--
INFO: Run Behavior\WriteHtmlCacheBehavior [ RunTime:0.002000s ]
INFO: [ view_filter ] --END-- [ RunTime:0.002000s ]
INFO: [ app_end ] --START--
INFO: Run Behavior\ShowPageTraceBehavior [ RunTime:0.004000s ]
INFO: [ app_end ] --END-- [ RunTime:0.004000s ]

[ 2017-07-08T14:54:54+08:00 ] 127.0.0.1 /
INFO: [ app_init ] --START--
INFO: Run Behavior\BuildLiteBehavior [ RunTime:0.000000s ]
INFO: [ app_init ] --END-- [ RunTime:0.003001s ]
INFO: [ app_begin ] --START--
INFO: Run Behavior\ReadHtmlCacheBehavior [ RunTime:0.004000s ]
INFO: [ app_begin ] --END-- [ RunTime:0.004000s ]
SQL: SHOW COLUMNS FROM `zl_article` [ RunTime:0.0170s ]
SQL: SELECT * FROM `zl_article` left join zl_article_category on zl_article_category.category_id = zl_article.category_id  WHERE zl_article.deleted = 0 AND zl_article.disabled = 0 ORDER BY zl_article.created_time  [ RunTime:0.0020s ]
NOTIC: [2] Missing argument 1 for Common\Model\ArticleModel::totalArticelCategoryList(), called in E:\zliang\Application\Home\Controller\IndexController.class.php on line 18 and defined E:\zliang\Application\Common\Model\ArticleModel.class.php 第 8 行.
NOTIC: [8] Undefined variable: categoryId E:\zliang\Application\Common\Model\ArticleModel.class.php 第 13 行.
SQL: SELECT count(*) as article_num,zl_article_category.category_name,zl_article_category.category_id FROM `zl_article` left join zl_article_category on zl_article_category.category_id = zl_article.category_id  WHERE zl_article.deleted = 0 AND zl_article.disabled = 0 GROUP BY zl_article.category_id  [ RunTime:0.0010s ]
INFO: [ view_parse ] --START--
INFO: [ template_filter ] --START--
INFO: Run Behavior\ContentReplaceBehavior [ RunTime:0.001001s ]
INFO: [ template_filter ] --END-- [ RunTime:0.001001s ]
INFO: Run Behavior\ParseTemplateBehavior [ RunTime:0.034002s ]
INFO: [ view_parse ] --END-- [ RunTime:0.034002s ]
INFO: [ view_filter ] --START--
INFO: Run Behavior\WriteHtmlCacheBehavior [ RunTime:0.002000s ]
INFO: [ view_filter ] --END-- [ RunTime:0.002000s ]
INFO: [ app_end ] --START--
INFO: Run Behavior\ShowPageTraceBehavior [ RunTime:0.003000s ]
INFO: [ app_end ] --END-- [ RunTime:0.003000s ]

[ 2017-07-08T15:41:57+08:00 ] 127.0.0.1 /
INFO: [ app_init ] --START--
INFO: Run Behavior\BuildLiteBehavior [ RunTime:0.000000s ]
INFO: [ app_init ] --END-- [ RunTime:0.003000s ]
INFO: [ app_begin ] --START--
INFO: Run Behavior\ReadHtmlCacheBehavior [ RunTime:0.007000s ]
INFO: [ app_begin ] --END-- [ RunTime:0.007000s ]
SQL: SHOW COLUMNS FROM `zl_article` [ RunTime:0.0130s ]
SQL: SELECT * FROM `zl_article` left join zl_article_category on zl_article_category.category_id = zl_article.category_id  WHERE zl_article.deleted = 0 AND zl_article.disabled = 0 ORDER BY zl_article.created_time  [ RunTime:0.0020s ]
NOTIC: [2] Missing argument 1 for Common\Model\ArticleModel::totalArticelCategoryList(), called in E:\zliang\Application\Home\Controller\IndexController.class.php on line 18 and defined E:\zliang\Application\Common\Model\ArticleModel.class.php 第 8 行.
NOTIC: [8] Undefined variable: categoryId E:\zliang\Application\Common\Model\ArticleModel.class.php 第 13 行.
SQL: SELECT count(*) as article_num,zl_article_category.category_name,zl_article_category.category_id FROM `zl_article` left join zl_article_category on zl_article_category.category_id = zl_article.category_id  WHERE zl_article.deleted = 0 AND zl_article.disabled = 0 GROUP BY zl_article.category_id  [ RunTime:0.0010s ]
INFO: [ view_parse ] --START--
INFO: [ template_filter ] --START--
INFO: Run Behavior\ContentReplaceBehavior [ RunTime:0.001000s ]
INFO: [ template_filter ] --END-- [ RunTime:0.001000s ]
INFO: Run Behavior\ParseTemplateBehavior [ RunTime:0.043002s ]
INFO: [ view_parse ] --END-- [ RunTime:0.044002s ]
INFO: [ view_filter ] --START--
INFO: Run Behavior\WriteHtmlCacheBehavior [ RunTime:0.003000s ]
INFO: [ view_filter ] --END-- [ RunTime:0.003000s ]
INFO: [ app_end ] --START--
INFO: Run Behavior\ShowPageTraceBehavior [ RunTime:0.004001s ]
INFO: [ app_end ] --END-- [ RunTime:0.004001s ]

[ 2017-07-08T23:11:50+08:00 ] 127.0.0.1 /index.php/Home/Article/list?category_id=15
INFO: [ app_init ] --START--
INFO: Run Behavior\BuildLiteBehavior [ RunTime:0.000000s ]
INFO: [ app_init ] --END-- [ RunTime:0.003000s ]
INFO: [ app_begin ] --START--
INFO: Run Behavior\ReadHtmlCacheBehavior [ RunTime:0.003000s ]
INFO: [ app_begin ] --END-- [ RunTime:0.003000s ]
INFO: [ view_parse ] --START--
INFO: [ template_filter ] --START--
INFO: Run Behavior\ContentReplaceBehavior [ RunTime:0.000000s ]
INFO: [ template_filter ] --END-- [ RunTime:0.000000s ]
NOTIC: [8] Undefined variable: categoryInfo E:\zliang\Application\Runtime\Cache\Home\ff8d2e9a08e5b8bee21d40e9b5c7e8b2.php 第 134 行.
NOTIC: [8] Undefined variable: categoryInfo E:\zliang\Application\Runtime\Cache\Home\ff8d2e9a08e5b8bee21d40e9b5c7e8b2.php 第 135 行.
NOTIC: [8] Undefined variable: articleList E:\zliang\Application\Runtime\Cache\Home\ff8d2e9a08e5b8bee21d40e9b5c7e8b2.php 第 137 行.
NOTIC: [8] Undefined variable: type E:\zliang\Application\Runtime\Cache\Home\ff8d2e9a08e5b8bee21d40e9b5c7e8b2.php 第 155 行.
NOTIC: [8] Undefined variable: type_id E:\zliang\Application\Runtime\Cache\Home\ff8d2e9a08e5b8bee21d40e9b5c7e8b2.php 第 155 行.
INFO: Run Behavior\ParseTemplateBehavior [ RunTime:0.034002s ]
INFO: [ view_parse ] --END-- [ RunTime:0.034002s ]
INFO: [ view_filter ] --START--
INFO: Run Behavior\WriteHtmlCacheBehavior [ RunTime:0.003000s ]
INFO: [ view_filter ] --END-- [ RunTime:0.003000s ]
INFO: [ app_end ] --START--
INFO: Run Behavior\ShowPageTraceBehavior [ RunTime:0.004000s ]
INFO: [ app_end ] --END-- [ RunTime:0.004000s ]

[ 2017-07-08T23:11:51+08:00 ] 127.0.0.1 /index.php/Home/Article/favicon.ico
INFO: [ app_init ] --START--
INFO: Run Behavior\BuildLiteBehavior [ RunTime:0.000000s ]
INFO: [ app_init ] --END-- [ RunTime:0.000000s ]

[ 2017-07-08T23:11:56+08:00 ] 127.0.0.1 /index.php/Home/Article/list?category_id=15
INFO: [ app_init ] --START--
INFO: Run Behavior\BuildLiteBehavior [ RunTime:0.000000s ]
INFO: [ app_init ] --END-- [ RunTime:0.003000s ]
INFO: [ app_begin ] --START--
INFO: Run Behavior\ReadHtmlCacheBehavior [ RunTime:0.003001s ]
INFO: [ app_begin ] --END-- [ RunTime:0.003001s ]
INFO: [ view_parse ] --START--
INFO: [ template_filter ] --START--
INFO: Run Behavior\ContentReplaceBehavior [ RunTime:0.000000s ]
INFO: [ template_filter ] --END-- [ RunTime:0.000000s ]
NOTIC: [8] Undefined variable: categoryInfo E:\zliang\Application\Runtime\Cache\Home\ff8d2e9a08e5b8bee21d40e9b5c7e8b2.php 第 134 行.
NOTIC: [8] Undefined variable: categoryInfo E:\zliang\Application\Runtime\Cache\Home\ff8d2e9a08e5b8bee21d40e9b5c7e8b2.php 第 135 行.
NOTIC: [8] Undefined variable: articleList E:\zliang\Application\Runtime\Cache\Home\ff8d2e9a08e5b8bee21d40e9b5c7e8b2.php 第 137 行.
NOTIC: [8] Undefined variable: type E:\zliang\Application\Runtime\Cache\Home\ff8d2e9a08e5b8bee21d40e9b5c7e8b2.php 第 155 行.
NOTIC: [8] Undefined variable: type_id E:\zliang\Application\Runtime\Cache\Home\ff8d2e9a08e5b8bee21d40e9b5c7e8b2.php 第 155 行.
INFO: Run Behavior\ParseTemplateBehavior [ RunTime:0.029002s ]
INFO: [ view_parse ] --END-- [ RunTime:0.029002s ]
INFO: [ view_filter ] --START--
INFO: Run Behavior\WriteHtmlCacheBehavior [ RunTime:0.002000s ]
INFO: [ view_filter ] --END-- [ RunTime:0.002000s ]
INFO: [ app_end ] --START--
INFO: Run Behavior\ShowPageTraceBehavior [ RunTime:0.004000s ]
INFO: [ app_end ] --END-- [ RunTime:0.004000s ]

[ 2017-07-08T23:12:03+08:00 ] 127.0.0.1 /
INFO: [ app_init ] --START--
INFO: Run Behavior\BuildLiteBehavior [ RunTime:0.000000s ]
INFO: [ app_init ] --END-- [ RunTime:0.002000s ]
INFO: [ app_begin ] --START--
INFO: Run Behavior\ReadHtmlCacheBehavior [ RunTime:0.003001s ]
INFO: [ app_begin ] --END-- [ RunTime:0.003001s ]
SQL: SHOW COLUMNS FROM `zl_article` [ RunTime:0.0140s ]
SQL: SELECT * FROM `zl_article` left join zl_article_category on zl_article_category.category_id = zl_article.category_id  WHERE zl_article.deleted = 0 AND zl_article.disabled = 0 ORDER BY zl_article.created_time  [ RunTime:0.0020s ]
NOTIC: [2] Missing argument 1 for Common\Model\ArticleModel::totalArticelCategoryList(), called in E:\zliang\Application\Home\Controller\IndexController.class.php on line 18 and defined E:\zliang\Application\Common\Model\ArticleModel.class.php 第 8 行.
NOTIC: [8] Undefined variable: categoryId E:\zliang\Application\Common\Model\ArticleModel.class.php 第 13 行.
SQL: SELECT count(*) as article_num,zl_article_category.category_name,zl_article_category.category_id FROM `zl_article` left join zl_article_category on zl_article_category.category_id = zl_article.category_id  WHERE zl_article.deleted = 0 AND zl_article.disabled = 0 GROUP BY zl_article.category_id  [ RunTime:0.0010s ]
INFO: [ view_parse ] --START--
INFO: [ template_filter ] --START--
INFO: Run Behavior\ContentReplaceBehavior [ RunTime:0.001000s ]
INFO: [ template_filter ] --END-- [ RunTime:0.001000s ]
INFO: Run Behavior\ParseTemplateBehavior [ RunTime:0.066003s ]
INFO: [ view_parse ] --END-- [ RunTime:0.066003s ]
INFO: [ view_filter ] --START--
INFO: Run Behavior\WriteHtmlCacheBehavior [ RunTime:0.003001s ]
INFO: [ view_filter ] --END-- [ RunTime:0.003001s ]
INFO: [ app_end ] --START--
INFO: Run Behavior\ShowPageTraceBehavior [ RunTime:0.009000s ]
INFO: [ app_end ] --END-- [ RunTime:0.009000s ]

[ 2017-07-08T23:12:06+08:00 ] 127.0.0.1 /index.php/Home/Article/list?category_id=15
INFO: [ app_init ] --START--
INFO: Run Behavior\BuildLiteBehavior [ RunTime:0.000000s ]
INFO: [ app_init ] --END-- [ RunTime:0.003000s ]
INFO: [ app_begin ] --START--
INFO: Run Behavior\ReadHtmlCacheBehavior [ RunTime:0.004000s ]
INFO: [ app_begin ] --END-- [ RunTime:0.004000s ]
INFO: [ view_parse ] --START--
INFO: [ template_filter ] --START--
INFO: Run Behavior\ContentReplaceBehavior [ RunTime:0.001000s ]
INFO: [ template_filter ] --END-- [ RunTime:0.001000s ]
NOTIC: [8] Undefined variable: categoryInfo E:\zliang\Application\Runtime\Cache\Home\ff8d2e9a08e5b8bee21d40e9b5c7e8b2.php 第 134 行.
NOTIC: [8] Undefined variable: categoryInfo E:\zliang\Application\Runtime\Cache\Home\ff8d2e9a08e5b8bee21d40e9b5c7e8b2.php 第 135 行.
NOTIC: [8] Undefined variable: articleList E:\zliang\Application\Runtime\Cache\Home\ff8d2e9a08e5b8bee21d40e9b5c7e8b2.php 第 137 行.
NOTIC: [8] Undefined variable: type E:\zliang\Application\Runtime\Cache\Home\ff8d2e9a08e5b8bee21d40e9b5c7e8b2.php 第 155 行.
NOTIC: [8] Undefined variable: type_id E:\zliang\Application\Runtime\Cache\Home\ff8d2e9a08e5b8bee21d40e9b5c7e8b2.php 第 155 行.
INFO: Run Behavior\ParseTemplateBehavior [ RunTime:0.039002s ]
INFO: [ view_parse ] --END-- [ RunTime:0.039002s ]
INFO: [ view_filter ] --START--
INFO: Run Behavior\WriteHtmlCacheBehavior [ RunTime:0.009001s ]
INFO: [ view_filter ] --END-- [ RunTime:0.009001s ]
INFO: [ app_end ] --START--
INFO: Run Behavior\ShowPageTraceBehavior [ RunTime:0.004000s ]
INFO: [ app_end ] --END-- [ RunTime:0.004000s ]

[ 2017-07-08T23:12:07+08:00 ] 127.0.0.1 /index.php/Home/Article/favicon.ico
INFO: [ app_init ] --START--
INFO: Run Behavior\BuildLiteBehavior [ RunTime:0.000000s ]
INFO: [ app_init ] --END-- [ RunTime:0.006000s ]

[ 2017-07-08T23:12:10+08:00 ] 127.0.0.1 /index.php/Home/Article/list?category_id=15
INFO: [ app_init ] --START--
INFO: Run Behavior\BuildLiteBehavior [ RunTime:0.000000s ]
INFO: [ app_init ] --END-- [ RunTime:0.000000s ]
INFO: [ app_begin ] --START--
INFO: Run Behavior\ReadHtmlCacheBehavior [ RunTime:0.000000s ]
INFO: [ app_begin ] --END-- [ RunTime:0.000000s ]
INFO: [ view_parse ] --START--
INFO: [ template_filter ] --START--
INFO: Run Behavior\ContentReplaceBehavior [ RunTime:0.000000s ]
INFO: [ template_filter ] --END-- [ RunTime:0.000000s ]
NOTIC: [8] Undefined variable: categoryInfo E:\zliang\Application\Runtime\Cache\Home\ff8d2e9a08e5b8bee21d40e9b5c7e8b2.php 第 134 行.
NOTIC: [8] Undefined variable: categoryInfo E:\zliang\Application\Runtime\Cache\Home\ff8d2e9a08e5b8bee21d40e9b5c7e8b2.php 第 135 行.
NOTIC: [8] Undefined variable: articleList E:\zliang\Application\Runtime\Cache\Home\ff8d2e9a08e5b8bee21d40e9b5c7e8b2.php 第 137 行.
NOTIC: [8] Undefined variable: type E:\zliang\Application\Runtime\Cache\Home\ff8d2e9a08e5b8bee21d40e9b5c7e8b2.php 第 155 行.
NOTIC: [8] Undefined variable: type_id E:\zliang\Application\Runtime\Cache\Home\ff8d2e9a08e5b8bee21d40e9b5c7e8b2.php 第 155 行.
INFO: Run Behavior\ParseTemplateBehavior [ RunTime:0.031200s ]
INFO: [ view_parse ] --END-- [ RunTime:0.031200s ]
INFO: [ view_filter ] --START--
INFO: Run Behavior\WriteHtmlCacheBehavior [ RunTime:0.000000s ]
INFO: [ view_filter ] --END-- [ RunTime:0.000000s ]
INFO: [ app_end ] --START--
INFO: Run Behavior\ShowPageTraceBehavior [ RunTime:0.000000s ]
INFO: [ app_end ] --END-- [ RunTime:0.000000s ]

[ 2017-07-08T23:31:13+08:00 ] 127.0.0.1 /
INFO: [ app_init ] --START--
INFO: Run Behavior\BuildLiteBehavior [ RunTime:0.000000s ]
INFO: [ app_init ] --END-- [ RunTime:0.003000s ]
INFO: [ app_begin ] --START--
INFO: Run Behavior\ReadHtmlCacheBehavior [ RunTime:0.007000s ]
INFO: [ app_begin ] --END-- [ RunTime:0.007000s ]
SQL: SHOW COLUMNS FROM `zl_article` [ RunTime:0.0160s ]
SQL: SELECT * FROM `zl_article` left join zl_article_category on zl_article_category.category_id = zl_article.category_id  WHERE zl_article.deleted = 0 AND zl_article.disabled = 0 ORDER BY zl_article.created_time  [ RunTime:0.0780s ]
NOTIC: [2] Missing argument 1 for Common\Model\ArticleModel::totalArticelCategoryList(), called in E:\zliang\Application\Home\Controller\IndexController.class.php on line 18 and defined E:\zliang\Application\Common\Model\ArticleModel.class.php 第 8 行.
NOTIC: [8] Undefined variable: categoryId E:\zliang\Application\Common\Model\ArticleModel.class.php 第 13 行.
SQL: SELECT count(*) as article_num,zl_article_category.category_name,zl_article_category.category_id FROM `zl_article` left join zl_article_category on zl_article_category.category_id = zl_article.category_id  WHERE zl_article.deleted = 0 AND zl_article.disabled = 0 GROUP BY zl_article.category_id  [ RunTime:0.0020s ]
INFO: [ view_parse ] --START--
INFO: [ template_filter ] --START--
INFO: Run Behavior\ContentReplaceBehavior [ RunTime:0.000000s ]
INFO: [ template_filter ] --END-- [ RunTime:0.001000s ]
INFO: Run Behavior\ParseTemplateBehavior [ RunTime:0.036002s ]
INFO: [ view_parse ] --END-- [ RunTime:0.036002s ]
INFO: [ view_filter ] --START--
INFO: Run Behavior\WriteHtmlCacheBehavior [ RunTime:0.003000s ]
INFO: [ view_filter ] --END-- [ RunTime:0.003000s ]
INFO: [ app_end ] --START--
INFO: Run Behavior\ShowPageTraceBehavior [ RunTime:0.003000s ]
INFO: [ app_end ] --END-- [ RunTime:0.003000s ]

[ 2017-07-08T23:32:51+08:00 ] 127.0.0.1 /
INFO: [ app_init ] --START--
INFO: Run Behavior\BuildLiteBehavior [ RunTime:0.000000s ]
INFO: [ app_init ] --END-- [ RunTime:0.002000s ]
INFO: [ app_begin ] --START--
INFO: Run Behavior\ReadHtmlCacheBehavior [ RunTime:0.003000s ]
INFO: [ app_begin ] --END-- [ RunTime:0.003000s ]
SQL: SHOW COLUMNS FROM `zl_article` [ RunTime:0.0140s ]
SQL: SELECT * FROM `zl_article` left join zl_article_category on zl_article_category.category_id = zl_article.category_id  WHERE zl_article.deleted = 0 AND zl_article.disabled = 0 ORDER BY zl_article.created_time  [ RunTime:0.0020s ]
NOTIC: [2] Missing argument 1 for Common\Model\ArticleModel::totalArticelCategoryList(), called in E:\zliang\Application\Home\Controller\IndexController.class.php on line 18 and defined E:\zliang\Application\Common\Model\ArticleModel.class.php 第 8 行.
NOTIC: [8] Undefined variable: categoryId E:\zliang\Application\Common\Model\ArticleModel.class.php 第 13 行.
SQL: SELECT count(*) as article_num,zl_article_category.category_name,zl_article_category.category_id FROM `zl_article` left join zl_article_category on zl_article_category.category_id = zl_article.category_id  WHERE zl_article.deleted = 0 AND zl_article.disabled = 0 GROUP BY zl_article.category_id  [ RunTime:0.0010s ]
INFO: [ view_parse ] --START--
INFO: [ template_filter ] --START--
INFO: Run Behavior\ContentReplaceBehavior [ RunTime:0.000000s ]
INFO: [ template_filter ] --END-- [ RunTime:0.000000s ]
INFO: Run Behavior\ParseTemplateBehavior [ RunTime:0.036002s ]
INFO: [ view_parse ] --END-- [ RunTime:0.036002s ]
INFO: [ view_filter ] --START--
INFO: Run Behavior\WriteHtmlCacheBehavior [ RunTime:0.003001s ]
INFO: [ view_filter ] --END-- [ RunTime:0.003001s ]
INFO: [ app_end ] --START--
INFO: Run Behavior\ShowPageTraceBehavior [ RunTime:0.006000s ]
INFO: [ app_end ] --END-- [ RunTime:0.006000s ]

[ 2017-07-08T23:33:50+08:00 ] 127.0.0.1 /
INFO: [ app_init ] --START--
INFO: Run Behavior\BuildLiteBehavior [ RunTime:0.000000s ]
INFO: [ app_init ] --END-- [ RunTime:0.003000s ]
INFO: [ app_begin ] --START--
INFO: Run Behavior\ReadHtmlCacheBehavior [ RunTime:0.003000s ]
INFO: [ app_begin ] --END-- [ RunTime:0.003000s ]
SQL: SHOW COLUMNS FROM `zl_article` [ RunTime:0.0190s ]
SQL: SELECT * FROM `zl_article` left join zl_article_category on zl_article_category.category_id = zl_article.category_id  WHERE zl_article.deleted = 0 AND zl_article.disabled = 0 ORDER BY zl_article.created_time  [ RunTime:0.0020s ]
NOTIC: [2] Missing argument 1 for Common\Model\ArticleModel::totalArticelCategoryList(), called in E:\zliang\Application\Home\Controller\IndexController.class.php on line 18 and defined E:\zliang\Application\Common\Model\ArticleModel.class.php 第 8 行.
NOTIC: [8] Undefined variable: categoryId E:\zliang\Application\Common\Model\ArticleModel.class.php 第 13 行.
SQL: SELECT count(*) as article_num,zl_article_category.category_name,zl_article_category.category_id FROM `zl_article` left join zl_article_category on zl_article_category.category_id = zl_article.category_id  WHERE zl_article.deleted = 0 AND zl_article.disabled = 0 GROUP BY zl_article.category_id  [ RunTime:0.0020s ]
INFO: [ view_parse ] --START--
INFO: [ template_filter ] --START--
INFO: Run Behavior\ContentReplaceBehavior [ RunTime:0.000000s ]
INFO: [ template_filter ] --END-- [ RunTime:0.000000s ]
INFO: Run Behavior\ParseTemplateBehavior [ RunTime:0.031002s ]
INFO: [ view_parse ] --END-- [ RunTime:0.031002s ]
INFO: [ view_filter ] --START--
INFO: Run Behavior\WriteHtmlCacheBehavior [ RunTime:0.003000s ]
INFO: [ view_filter ] --END-- [ RunTime:0.003000s ]
INFO: [ app_end ] --START--
INFO: Run Behavior\ShowPageTraceBehavior [ RunTime:0.003000s ]
INFO: [ app_end ] --END-- [ RunTime:0.003000s ]

[ 2017-07-08T23:34:01+08:00 ] 127.0.0.1 /index.php/Home/Article/list?category_id=15
INFO: [ app_init ] --START--
INFO: Run Behavior\BuildLiteBehavior [ RunTime:0.000000s ]
INFO: [ app_init ] --END-- [ RunTime:0.003001s ]
INFO: [ app_begin ] --START--
INFO: Run Behavior\ReadHtmlCacheBehavior [ RunTime:0.007000s ]
INFO: [ app_begin ] --END-- [ RunTime:0.007000s ]
INFO: [ view_parse ] --START--
INFO: [ template_filter ] --START--
INFO: Run Behavior\ContentReplaceBehavior [ RunTime:0.000000s ]
INFO: [ template_filter ] --END-- [ RunTime:0.000000s ]
NOTIC: [8] Undefined variable: categoryInfo E:\zliang\Application\Runtime\Cache\Home\ff8d2e9a08e5b8bee21d40e9b5c7e8b2.php 第 134 行.
NOTIC: [8] Undefined variable: categoryInfo E:\zliang\Application\Runtime\Cache\Home\ff8d2e9a08e5b8bee21d40e9b5c7e8b2.php 第 135 行.
NOTIC: [8] Undefined variable: articleList E:\zliang\Application\Runtime\Cache\Home\ff8d2e9a08e5b8bee21d40e9b5c7e8b2.php 第 137 行.
NOTIC: [8] Undefined variable: type E:\zliang\Application\Runtime\Cache\Home\ff8d2e9a08e5b8bee21d40e9b5c7e8b2.php 第 155 行.
NOTIC: [8] Undefined variable: type_id E:\zliang\Application\Runtime\Cache\Home\ff8d2e9a08e5b8bee21d40e9b5c7e8b2.php 第 155 行.
INFO: Run Behavior\ParseTemplateBehavior [ RunTime:0.035002s ]
INFO: [ view_parse ] --END-- [ RunTime:0.035002s ]
INFO: [ view_filter ] --START--
INFO: Run Behavior\WriteHtmlCacheBehavior [ RunTime:0.003000s ]
INFO: [ view_filter ] --END-- [ RunTime:0.003000s ]
INFO: [ app_end ] --START--
INFO: Run Behavior\ShowPageTraceBehavior [ RunTime:0.003000s ]
INFO: [ app_end ] --END-- [ RunTime:0.003000s ]

[ 2017-07-08T23:34:02+08:00 ] 127.0.0.1 /index.php/Home/Article/favicon.ico
INFO: [ app_init ] --START--
INFO: Run Behavior\BuildLiteBehavior [ RunTime:0.000000s ]
INFO: [ app_init ] --END-- [ RunTime:0.003000s ]

[ 2017-07-08T23:34:09+08:00 ] 127.0.0.1 /index.php/Home/Article/detail?article_id=41
INFO: [ app_init ] --START--
INFO: Run Behavior\BuildLiteBehavior [ RunTime:0.000000s ]
INFO: [ app_init ] --END-- [ RunTime:0.002000s ]
INFO: [ app_begin ] --START--
INFO: Run Behavior\ReadHtmlCacheBehavior [ RunTime:0.004000s ]
INFO: [ app_begin ] --END-- [ RunTime:0.004000s ]
SQL: SHOW COLUMNS FROM `zl_article` [ RunTime:0.0150s ]
SQL: SELECT * FROM `zl_article` WHERE ( article_id =41 ) LIMIT 1   [ RunTime:0.0490s ]
INFO: [ view_parse ] --START--
INFO: [ template_filter ] --START--
INFO: Run Behavior\ContentReplaceBehavior [ RunTime:0.000000s ]
INFO: [ template_filter ] --END-- [ RunTime:0.000000s ]
INFO: Run Behavior\ParseTemplateBehavior [ RunTime:0.061003s ]
INFO: [ view_parse ] --END-- [ RunTime:0.062003s ]
INFO: [ view_filter ] --START--
INFO: Run Behavior\WriteHtmlCacheBehavior [ RunTime:0.003001s ]
INFO: [ view_filter ] --END-- [ RunTime:0.003001s ]
INFO: [ app_end ] --START--
INFO: Run Behavior\ShowPageTraceBehavior [ RunTime:0.009000s ]
INFO: [ app_end ] --END-- [ RunTime:0.009000s ]

[ 2017-07-08T23:38:06+08:00 ] 127.0.0.1 /
INFO: [ app_init ] --START--
INFO: Run Behavior\BuildLiteBehavior [ RunTime:0.000000s ]
INFO: [ app_init ] --END-- [ RunTime:0.006001s ]
INFO: [ app_begin ] --START--
INFO: Run Behavior\ReadHtmlCacheBehavior [ RunTime:0.005000s ]
INFO: [ app_begin ] --END-- [ RunTime:0.005000s ]
SQL: SHOW COLUMNS FROM `zl_article` [ RunTime:0.0160s ]
SQL: SELECT * FROM `zl_article` left join zl_article_category on zl_article_category.category_id = zl_article.category_id  WHERE zl_article.deleted = 0 AND zl_article.disabled = 0 ORDER BY zl_article.created_time  [ RunTime:0.0010s ]
NOTIC: [2] Missing argument 1 for Common\Model\ArticleModel::totalArticelCategoryList(), called in E:\zliang\Application\Home\Controller\IndexController.class.php on line 18 and defined E:\zliang\Application\Common\Model\ArticleModel.class.php 第 8 行.
NOTIC: [8] Undefined variable: categoryId E:\zliang\Application\Common\Model\ArticleModel.class.php 第 13 行.
SQL: SELECT count(*) as article_num,zl_article_category.category_name,zl_article_category.category_id FROM `zl_article` left join zl_article_category on zl_article_category.category_id = zl_article.category_id  WHERE zl_article.deleted = 0 AND zl_article.disabled = 0 GROUP BY zl_article.category_id  [ RunTime:0.0010s ]
INFO: [ view_parse ] --START--
INFO: [ template_filter ] --START--
INFO: Run Behavior\ContentReplaceBehavior [ RunTime:0.000000s ]
INFO: [ template_filter ] --END-- [ RunTime:0.000000s ]
INFO: Run Behavior\ParseTemplateBehavior [ RunTime:0.035002s ]
INFO: [ view_parse ] --END-- [ RunTime:0.035002s ]
INFO: [ view_filter ] --START--
INFO: Run Behavior\WriteHtmlCacheBehavior [ RunTime:0.003000s ]
INFO: [ view_filter ] --END-- [ RunTime:0.003000s ]
INFO: [ app_end ] --START--
INFO: Run Behavior\ShowPageTraceBehavior [ RunTime:0.004000s ]
INFO: [ app_end ] --END-- [ RunTime:0.004000s ]

[ 2017-07-08T23:43:58+08:00 ] 127.0.0.1 /
INFO: [ app_init ] --START--
INFO: Run Behavior\BuildLiteBehavior [ RunTime:0.000000s ]
INFO: [ app_init ] --END-- [ RunTime:0.003000s ]
INFO: [ app_begin ] --START--
INFO: Run Behavior\ReadHtmlCacheBehavior [ RunTime:0.004000s ]
INFO: [ app_begin ] --END-- [ RunTime:0.004000s ]
SQL: SHOW COLUMNS FROM `zl_article` [ RunTime:0.0140s ]
SQL: SELECT * FROM `zl_article` left join zl_article_category on zl_article_category.category_id = zl_article.category_id  WHERE zl_article.deleted = 0 AND zl_article.disabled = 0 ORDER BY zl_article.created_time  [ RunTime:0.0010s ]
NOTIC: [2] Missing argument 1 for Common\Model\ArticleModel::totalArticelCategoryList(), called in E:\zliang\Application\Home\Controller\IndexController.class.php on line 18 and defined E:\zliang\Application\Common\Model\ArticleModel.class.php 第 8 行.
NOTIC: [8] Undefined variable: categoryId E:\zliang\Application\Common\Model\ArticleModel.class.php 第 13 行.
SQL: SELECT count(*) as article_num,zl_article_category.category_name,zl_article_category.category_id FROM `zl_article` left join zl_article_category on zl_article_category.category_id = zl_article.category_id  WHERE zl_article.deleted = 0 AND zl_article.disabled = 0 GROUP BY zl_article.category_id  [ RunTime:0.0000s ]
INFO: [ view_parse ] --START--
INFO: [ template_filter ] --START--
INFO: Run Behavior\ContentReplaceBehavior [ RunTime:0.001000s ]
INFO: [ template_filter ] --END-- [ RunTime:0.001000s ]
INFO: Run Behavior\ParseTemplateBehavior [ RunTime:0.037002s ]
INFO: [ view_parse ] --END-- [ RunTime:0.037002s ]
INFO: [ view_filter ] --START--
INFO: Run Behavior\WriteHtmlCacheBehavior [ RunTime:0.003000s ]
INFO: [ view_filter ] --END-- [ RunTime:0.003000s ]
INFO: [ app_end ] --START--
INFO: Run Behavior\ShowPageTraceBehavior [ RunTime:0.005000s ]
INFO: [ app_end ] --END-- [ RunTime:0.005000s ]

