[ 2017-06-21T23:24:41+08:00 ] 127.0.0.1 /
INFO: [ app_init ] --START--
INFO: Run Behavior\BuildLiteBehavior [ RunTime:0.000000s ]
INFO: [ app_init ] --END-- [ RunTime:0.001000s ]
INFO: [ app_begin ] --START--
INFO: Run Behavior\ReadHtmlCacheBehavior [ RunTime:0.022002s ]
INFO: [ app_begin ] --END-- [ RunTime:0.022002s ]
ERR: SQLSTATE[HY000] [2002] ÓÉÓÚÄ¿±ê¼ÆËã»ú»ý¼«¾Ü¾ø£¬ÎÞ·¨Á¬½Ó¡£


[ 2017-06-21T23:24:50+08:00 ] 127.0.0.1 /
INFO: [ app_init ] --START--
INFO: Run Behavior\BuildLiteBehavior [ RunTime:0.000000s ]
INFO: [ app_init ] --END-- [ RunTime:0.001000s ]
INFO: [ app_begin ] --START--
INFO: Run Behavior\ReadHtmlCacheBehavior [ RunTime:0.001000s ]
INFO: [ app_begin ] --END-- [ RunTime:0.001000s ]
ERR: SQLSTATE[HY000] [2002] ÓÉÓÚÄ¿±ê¼ÆËã»ú»ý¼«¾Ü¾ø£¬ÎÞ·¨Á¬½Ó¡£


[ 2017-06-21T23:25:32+08:00 ] 127.0.0.1 /
INFO: [ app_init ] --START--
INFO: Run Behavior\BuildLiteBehavior [ RunTime:0.000000s ]
INFO: [ app_init ] --END-- [ RunTime:0.001000s ]
INFO: [ app_begin ] --START--
INFO: Run Behavior\ReadHtmlCacheBehavior [ RunTime:0.002000s ]
INFO: [ app_begin ] --END-- [ RunTime:0.002000s ]
SQL: SHOW COLUMNS FROM `zl_article` [ RunTime:0.0790s ]
SQL: SELECT * FROM `zl_article` left join zl_article_category on zl_article_category.category_id = zl_article.category_id  WHERE zl_article.deleted = 0 AND zl_article.disabled = 0 ORDER BY zl_article.created_time  [ RunTime:0.0360s ]
NOTIC: [2] Missing argument 2 for cutstr_html(), called in E:\zliang\Application\Home\Controller\IndexController.class.php on line 16 and defined E:\zliang\Application\Common\Common\function.php ç¬¬ 214 è¡Œ.
NOTIC: [2] Missing argument 2 for cutstr_html(), called in E:\zliang\Application\Home\Controller\IndexController.class.php on line 16 and defined E:\zliang\Application\Common\Common\function.php ç¬¬ 214 è¡Œ.
NOTIC: [2] Missing argument 2 for cutstr_html(), called in E:\zliang\Application\Home\Controller\IndexController.class.php on line 16 and defined E:\zliang\Application\Common\Common\function.php ç¬¬ 214 è¡Œ.
NOTIC: [2] Missing argument 2 for cutstr_html(), called in E:\zliang\Application\Home\Controller\IndexController.class.php on line 16 and defined E:\zliang\Application\Common\Common\function.php ç¬¬ 214 è¡Œ.
NOTIC: [2] Missing argument 1 for Common\Model\ArticleModel::totalArticelCategoryList(), called in E:\zliang\Application\Home\Controller\IndexController.class.php on line 22 and defined E:\zliang\Application\Common\Model\ArticleModel.class.php ç¬¬ 8 è¡Œ.
NOTIC: [8] Undefined variable: categoryId E:\zliang\Application\Common\Model\ArticleModel.class.php ç¬¬ 13 è¡Œ.
SQL: SELECT count(*) as article_num,zl_article_category.category_name,zl_article_category.category_id FROM `zl_article` left join zl_article_category on zl_article_category.category_id = zl_article.category_id  GROUP BY zl_article.category_id  [ RunTime:0.0010s ]
INFO: [ view_parse ] --START--
INFO: [ template_filter ] --START--
INFO: Run Behavior\ContentReplaceBehavior [ RunTime:0.000000s ]
INFO: [ template_filter ] --END-- [ RunTime:0.001000s ]
INFO: Run Behavior\ParseTemplateBehavior [ RunTime:0.042002s ]
INFO: [ view_parse ] --END-- [ RunTime:0.042002s ]
INFO: [ view_filter ] --START--
INFO: Run Behavior\WriteHtmlCacheBehavior [ RunTime:0.002000s ]
INFO: [ view_filter ] --END-- [ RunTime:0.002000s ]
INFO: [ app_end ] --START--
INFO: Run Behavior\ShowPageTraceBehavior [ RunTime:0.003000s ]
INFO: [ app_end ] --END-- [ RunTime:0.003000s ]

[ 2017-06-21T23:26:17+08:00 ] 127.0.0.1 /
INFO: [ app_init ] --START--
INFO: Run Behavior\BuildLiteBehavior [ RunTime:0.000000s ]
INFO: [ app_init ] --END-- [ RunTime:0.001000s ]
INFO: [ app_begin ] --START--
INFO: Run Behavior\ReadHtmlCacheBehavior [ RunTime:0.001000s ]
INFO: [ app_begin ] --END-- [ RunTime:0.001000s ]
SQL: SHOW COLUMNS FROM `zl_article` [ RunTime:0.0380s ]
SQL: SELECT * FROM `zl_article` left join zl_article_category on zl_article_category.category_id = zl_article.category_id  WHERE zl_article.deleted = 0 AND zl_article.disabled = 0 ORDER BY zl_article.created_time  [ RunTime:0.0020s ]
NOTIC: [2] Missing argument 2 for cutstr_html(), called in E:\zliang\Application\Home\Controller\IndexController.class.php on line 16 and defined E:\zliang\Application\Common\Common\function.php ç¬¬ 214 è¡Œ.
NOTIC: [2] Missing argument 2 for cutstr_html(), called in E:\zliang\Application\Home\Controller\IndexController.class.php on line 16 and defined E:\zliang\Application\Common\Common\function.php ç¬¬ 214 è¡Œ.
NOTIC: [2] Missing argument 2 for cutstr_html(), called in E:\zliang\Application\Home\Controller\IndexController.class.php on line 16 and defined E:\zliang\Application\Common\Common\function.php ç¬¬ 214 è¡Œ.
NOTIC: [2] Missing argument 2 for cutstr_html(), called in E:\zliang\Application\Home\Controller\IndexController.class.php on line 16 and defined E:\zliang\Application\Common\Common\function.php ç¬¬ 214 è¡Œ.
NOTIC: [2] Missing argument 1 for Common\Model\ArticleModel::totalArticelCategoryList(), called in E:\zliang\Application\Home\Controller\IndexController.class.php on line 23 and defined E:\zliang\Application\Common\Model\ArticleModel.class.php ç¬¬ 8 è¡Œ.
NOTIC: [8] Undefined variable: categoryId E:\zliang\Application\Common\Model\ArticleModel.class.php ç¬¬ 13 è¡Œ.
SQL: SELECT count(*) as article_num,zl_article_category.category_name,zl_article_category.category_id FROM `zl_article` left join zl_article_category on zl_article_category.category_id = zl_article.category_id  GROUP BY zl_article.category_id  [ RunTime:0.0010s ]
INFO: [ view_parse ] --START--
INFO: [ template_filter ] --START--
INFO: Run Behavior\ContentReplaceBehavior [ RunTime:0.000000s ]
INFO: [ template_filter ] --END-- [ RunTime:0.000000s ]
INFO: Run Behavior\ParseTemplateBehavior [ RunTime:0.026002s ]
INFO: [ view_parse ] --END-- [ RunTime:0.026002s ]
INFO: [ view_filter ] --START--
INFO: Run Behavior\WriteHtmlCacheBehavior [ RunTime:0.001000s ]
INFO: [ view_filter ] --END-- [ RunTime:0.001000s ]
NOTIC: [2] Cannot modify header information - headers already sent by (output started at E:\zliang\Application\Home\Controller\IndexController.class.php:19) E:\zliang\ThinkPHP\Library\Think\View.class.php ç¬¬ 91 è¡Œ.
NOTIC: [2] Cannot modify header information - headers already sent by (output started at E:\zliang\Application\Home\Controller\IndexController.class.php:19) E:\zliang\ThinkPHP\Library\Think\View.class.php ç¬¬ 92 è¡Œ.
NOTIC: [2] Cannot modify header information - headers already sent by (output started at E:\zliang\Application\Home\Controller\IndexController.class.php:19) E:\zliang\ThinkPHP\Library\Think\View.class.php ç¬¬ 93 è¡Œ.
INFO: [ app_end ] --START--
INFO: Run Behavior\ShowPageTraceBehavior [ RunTime:0.002000s ]
INFO: [ app_end ] --END-- [ RunTime:0.002000s ]

[ 2017-06-21T23:26:38+08:00 ] 127.0.0.1 /
INFO: [ app_init ] --START--
INFO: Run Behavior\BuildLiteBehavior [ RunTime:0.000000s ]
INFO: [ app_init ] --END-- [ RunTime:0.001000s ]
INFO: [ app_begin ] --START--
INFO: Run Behavior\ReadHtmlCacheBehavior [ RunTime:0.002000s ]
INFO: [ app_begin ] --END-- [ RunTime:0.002000s ]
SQL: SHOW COLUMNS FROM `zl_article` [ RunTime:0.0190s ]
SQL: SELECT * FROM `zl_article` left join zl_article_category on zl_article_category.category_id = zl_article.category_id  WHERE zl_article.deleted = 0 AND zl_article.disabled = 0 ORDER BY zl_article.created_time  [ RunTime:0.0010s ]
NOTIC: [2] Missing argument 2 for cutstr_html(), called in E:\zliang\Application\Home\Controller\IndexController.class.php on line 16 and defined E:\zliang\Application\Common\Common\function.php ç¬¬ 214 è¡Œ.
NOTIC: [2] Missing argument 2 for cutstr_html(), called in E:\zliang\Application\Home\Controller\IndexController.class.php on line 16 and defined E:\zliang\Application\Common\Common\function.php ç¬¬ 214 è¡Œ.
NOTIC: [2] Missing argument 2 for cutstr_html(), called in E:\zliang\Application\Home\Controller\IndexController.class.php on line 16 and defined E:\zliang\Application\Common\Common\function.php ç¬¬ 214 è¡Œ.
NOTIC: [2] Missing argument 2 for cutstr_html(), called in E:\zliang\Application\Home\Controller\IndexController.class.php on line 16 and defined E:\zliang\Application\Common\Common\function.php ç¬¬ 214 è¡Œ.
NOTIC: [2] Missing argument 1 for Common\Model\ArticleModel::totalArticelCategoryList(), called in E:\zliang\Application\Home\Controller\IndexController.class.php on line 23 and defined E:\zliang\Application\Common\Model\ArticleModel.class.php ç¬¬ 8 è¡Œ.
NOTIC: [8] Undefined variable: categoryId E:\zliang\Application\Common\Model\ArticleModel.class.php ç¬¬ 13 è¡Œ.
SQL: SELECT count(*) as article_num,zl_article_category.category_name,zl_article_category.category_id FROM `zl_article` left join zl_article_category on zl_article_category.category_id = zl_article.category_id  GROUP BY zl_article.category_id  [ RunTime:0.0000s ]
INFO: [ view_parse ] --START--
INFO: [ template_filter ] --START--
INFO: Run Behavior\ContentReplaceBehavior [ RunTime:0.000000s ]
INFO: [ template_filter ] --END-- [ RunTime:0.000000s ]
INFO: Run Behavior\ParseTemplateBehavior [ RunTime:0.025002s ]
INFO: [ view_parse ] --END-- [ RunTime:0.025002s ]
INFO: [ view_filter ] --START--
INFO: Run Behavior\WriteHtmlCacheBehavior [ RunTime:0.001000s ]
INFO: [ view_filter ] --END-- [ RunTime:0.001000s ]
NOTIC: [2] Cannot modify header information - headers already sent by (output started at E:\zliang\Application\Home\Controller\IndexController.class.php:16) E:\zliang\ThinkPHP\Library\Think\View.class.php ç¬¬ 91 è¡Œ.
NOTIC: [2] Cannot modify header information - headers already sent by (output started at E:\zliang\Application\Home\Controller\IndexController.class.php:16) E:\zliang\ThinkPHP\Library\Think\View.class.php ç¬¬ 92 è¡Œ.
NOTIC: [2] Cannot modify header information - headers already sent by (output started at E:\zliang\Application\Home\Controller\IndexController.class.php:16) E:\zliang\ThinkPHP\Library\Think\View.class.php ç¬¬ 93 è¡Œ.
INFO: [ app_end ] --START--
INFO: Run Behavior\ShowPageTraceBehavior [ RunTime:0.002000s ]
INFO: [ app_end ] --END-- [ RunTime:0.002000s ]

[ 2017-06-21T23:27:24+08:00 ] 127.0.0.1 /
INFO: [ app_init ] --START--
INFO: Run Behavior\BuildLiteBehavior [ RunTime:0.000000s ]
INFO: [ app_init ] --END-- [ RunTime:0.009001s ]
INFO: [ app_begin ] --START--
INFO: Run Behavior\ReadHtmlCacheBehavior [ RunTime:0.003000s ]
INFO: [ app_begin ] --END-- [ RunTime:0.003000s ]
SQL: SHOW COLUMNS FROM `zl_article` [ RunTime:0.0170s ]
SQL: SELECT * FROM `zl_article` left join zl_article_category on zl_article_category.category_id = zl_article.category_id  WHERE zl_article.deleted = 0 AND zl_article.disabled = 0 ORDER BY zl_article.created_time  [ RunTime:0.0010s ]
NOTIC: [2] Missing argument 1 for Common\Model\ArticleModel::totalArticelCategoryList(), called in E:\zliang\Application\Home\Controller\IndexController.class.php on line 23 and defined E:\zliang\Application\Common\Model\ArticleModel.class.php ç¬¬ 8 è¡Œ.
NOTIC: [8] Undefined variable: categoryId E:\zliang\Application\Common\Model\ArticleModel.class.php ç¬¬ 13 è¡Œ.
SQL: SELECT count(*) as article_num,zl_article_category.category_name,zl_article_category.category_id FROM `zl_article` left join zl_article_category on zl_article_category.category_id = zl_article.category_id  GROUP BY zl_article.category_id  [ RunTime:0.0390s ]
INFO: [ view_parse ] --START--
INFO: [ template_filter ] --START--
INFO: Run Behavior\ContentReplaceBehavior [ RunTime:0.000000s ]
INFO: [ template_filter ] --END-- [ RunTime:0.000000s ]
INFO: Run Behavior\ParseTemplateBehavior [ RunTime:0.039002s ]
INFO: [ view_parse ] --END-- [ RunTime:0.039002s ]
INFO: [ view_filter ] --START--
INFO: Run Behavior\WriteHtmlCacheBehavior [ RunTime:0.001000s ]
INFO: [ view_filter ] --END-- [ RunTime:0.001000s ]
NOTIC: [2] Cannot modify header information - headers already sent by (output started at E:\zliang\Application\Home\Controller\IndexController.class.php:16) E:\zliang\ThinkPHP\Library\Think\View.class.php ç¬¬ 91 è¡Œ.
NOTIC: [2] Cannot modify header information - headers already sent by (output started at E:\zliang\Application\Home\Controller\IndexController.class.php:16) E:\zliang\ThinkPHP\Library\Think\View.class.php ç¬¬ 92 è¡Œ.
NOTIC: [2] Cannot modify header information - headers already sent by (output started at E:\zliang\Application\Home\Controller\IndexController.class.php:16) E:\zliang\ThinkPHP\Library\Think\View.class.php ç¬¬ 93 è¡Œ.
INFO: [ app_end ] --START--
INFO: Run Behavior\ShowPageTraceBehavior [ RunTime:0.002000s ]
INFO: [ app_end ] --END-- [ RunTime:0.002000s ]

[ 2017-06-21T23:31:11+08:00 ] 127.0.0.1 /
INFO: [ app_init ] --START--
INFO: Run Behavior\BuildLiteBehavior [ RunTime:0.000000s ]
INFO: [ app_init ] --END-- [ RunTime:0.001001s ]
INFO: [ app_begin ] --START--
INFO: Run Behavior\ReadHtmlCacheBehavior [ RunTime:0.002000s ]
INFO: [ app_begin ] --END-- [ RunTime:0.002000s ]
SQL: SHOW COLUMNS FROM `zl_article` [ RunTime:0.0360s ]
SQL: SELECT * FROM `zl_article` left join zl_article_category on zl_article_category.category_id = zl_article.category_id  WHERE zl_article.deleted = 0 AND zl_article.disabled = 0 ORDER BY zl_article.created_time  [ RunTime:0.0010s ]
NOTIC: [2] preg_replace() expects at least 3 parameters, 2 given E:\zliang\Application\Home\Controller\IndexController.class.php ç¬¬ 16 è¡Œ.
NOTIC: [2] preg_replace() expects at least 3 parameters, 2 given E:\zliang\Application\Home\Controller\IndexController.class.php ç¬¬ 16 è¡Œ.
NOTIC: [2] preg_replace() expects at least 3 parameters, 2 given E:\zliang\Application\Home\Controller\IndexController.class.php ç¬¬ 16 è¡Œ.
NOTIC: [2] preg_replace() expects at least 3 parameters, 2 given E:\zliang\Application\Home\Controller\IndexController.class.php ç¬¬ 16 è¡Œ.
NOTIC: [2] Missing argument 1 for Common\Model\ArticleModel::totalArticelCategoryList(), called in E:\zliang\Application\Home\Controller\IndexController.class.php on line 23 and defined E:\zliang\Application\Common\Model\ArticleModel.class.php ç¬¬ 8 è¡Œ.
NOTIC: [8] Undefined variable: categoryId E:\zliang\Application\Common\Model\ArticleModel.class.php ç¬¬ 13 è¡Œ.
SQL: SELECT count(*) as article_num,zl_article_category.category_name,zl_article_category.category_id FROM `zl_article` left join zl_article_category on zl_article_category.category_id = zl_article.category_id  GROUP BY zl_article.category_id  [ RunTime:0.0010s ]
INFO: [ view_parse ] --START--
INFO: [ template_filter ] --START--
INFO: Run Behavior\ContentReplaceBehavior [ RunTime:0.001000s ]
INFO: [ template_filter ] --END-- [ RunTime:0.001000s ]
INFO: Run Behavior\ParseTemplateBehavior [ RunTime:0.037002s ]
INFO: [ view_parse ] --END-- [ RunTime:0.037002s ]
INFO: [ view_filter ] --START--
INFO: Run Behavior\WriteHtmlCacheBehavior [ RunTime:0.002000s ]
INFO: [ view_filter ] --END-- [ RunTime:0.002000s ]
INFO: [ app_end ] --START--
INFO: Run Behavior\ShowPageTraceBehavior [ RunTime:0.002000s ]
INFO: [ app_end ] --END-- [ RunTime:0.002000s ]

[ 2017-06-21T23:32:33+08:00 ] 127.0.0.1 /
INFO: [ app_init ] --START--
INFO: Run Behavior\BuildLiteBehavior [ RunTime:0.000000s ]
INFO: [ app_init ] --END-- [ RunTime:0.001000s ]
INFO: [ app_begin ] --START--
INFO: Run Behavior\ReadHtmlCacheBehavior [ RunTime:0.002000s ]
INFO: [ app_begin ] --END-- [ RunTime:0.002000s ]
SQL: SHOW COLUMNS FROM `zl_article` [ RunTime:0.0360s ]
SQL: SELECT * FROM `zl_article` left join zl_article_category on zl_article_category.category_id = zl_article.category_id  WHERE zl_article.deleted = 0 AND zl_article.disabled = 0 ORDER BY zl_article.created_time  [ RunTime:0.0010s ]
NOTIC: [2] Missing argument 1 for Common\Model\ArticleModel::totalArticelCategoryList(), called in E:\zliang\Application\Home\Controller\IndexController.class.php on line 23 and defined E:\zliang\Application\Common\Model\ArticleModel.class.php ç¬¬ 8 è¡Œ.
NOTIC: [8] Undefined variable: categoryId E:\zliang\Application\Common\Model\ArticleModel.class.php ç¬¬ 13 è¡Œ.
SQL: SELECT count(*) as article_num,zl_article_category.category_name,zl_article_category.category_id FROM `zl_article` left join zl_article_category on zl_article_category.category_id = zl_article.category_id  GROUP BY zl_article.category_id  [ RunTime:0.0020s ]
INFO: [ view_parse ] --START--
INFO: [ template_filter ] --START--
INFO: Run Behavior\ContentReplaceBehavior [ RunTime:0.001000s ]
INFO: [ template_filter ] --END-- [ RunTime:0.001000s ]
INFO: Run Behavior\ParseTemplateBehavior [ RunTime:0.026002s ]
INFO: [ view_parse ] --END-- [ RunTime:0.026002s ]
INFO: [ view_filter ] --START--
INFO: Run Behavior\WriteHtmlCacheBehavior [ RunTime:0.000000s ]
INFO: [ view_filter ] --END-- [ RunTime:0.001000s ]
NOTIC: [2] Cannot modify header information - headers already sent by (output started at E:\zliang\Application\Home\Controller\IndexController.class.php:16) E:\zliang\ThinkPHP\Library\Think\View.class.php ç¬¬ 91 è¡Œ.
NOTIC: [2] Cannot modify header information - headers already sent by (output started at E:\zliang\Application\Home\Controller\IndexController.class.php:16) E:\zliang\ThinkPHP\Library\Think\View.class.php ç¬¬ 92 è¡Œ.
NOTIC: [2] Cannot modify header information - headers already sent by (output started at E:\zliang\Application\Home\Controller\IndexController.class.php:16) E:\zliang\ThinkPHP\Library\Think\View.class.php ç¬¬ 93 è¡Œ.
INFO: [ app_end ] --START--
INFO: Run Behavior\ShowPageTraceBehavior [ RunTime:0.001000s ]
INFO: [ app_end ] --END-- [ RunTime:0.001000s ]

