[ 2017-04-26T16:35:01+08:00 ] 127.0.0.1 /
INFO: [ app_init ] --START--
INFO: Run Behavior\BuildLiteBehavior [ RunTime:0.000000s ]
INFO: [ app_init ] --END-- [ RunTime:0.003000s ]
INFO: [ app_begin ] --START--
INFO: Run Behavior\ReadHtmlCacheBehavior [ RunTime:0.007000s ]
INFO: [ app_begin ] --END-- [ RunTime:0.007000s ]
SQL: SHOW COLUMNS FROM `zl_article` [ RunTime:0.0580s ]
SQL: SELECT * FROM `zl_article` WHERE `deleted` = 0 AND `disabled` = 0 ORDER BY created_time  [ RunTime:0.0340s ]
SQL: SHOW COLUMNS FROM `zl_index_display` [ RunTime:0.1030s ]
SQL: SELECT * FROM `zl_index_display` WHERE `deleted` = 0 AND `disabled` = 0 AND `position_id` = 1 ORDER BY created_time DESC LIMIT 1   [ RunTime:0.0270s ]
SQL: SELECT * FROM `zl_article` WHERE ( article_id =34 ) LIMIT 1   [ RunTime:0.0010s ]
INFO: [ view_parse ] --START--
INFO: [ template_filter ] --START--
INFO: Run Behavior\ContentReplaceBehavior [ RunTime:0.068004s ]
INFO: [ template_filter ] --END-- [ RunTime:0.068004s ]
INFO: Run Behavior\ParseTemplateBehavior [ RunTime:0.335019s ]
INFO: [ view_parse ] --END-- [ RunTime:0.335019s ]
INFO: [ view_filter ] --START--
INFO: Run Behavior\WriteHtmlCacheBehavior [ RunTime:0.043002s ]
INFO: [ view_filter ] --END-- [ RunTime:0.043002s ]
INFO: [ app_end ] --START--
INFO: Run Behavior\ShowPageTraceBehavior [ RunTime:0.149008s ]
INFO: [ app_end ] --END-- [ RunTime:0.149008s ]

[ 2017-04-26T16:49:50+08:00 ] 127.0.0.1 /
INFO: [ app_init ] --START--
INFO: Run Behavior\BuildLiteBehavior [ RunTime:0.000000s ]
INFO: [ app_init ] --END-- [ RunTime:0.003000s ]
INFO: [ app_begin ] --START--
INFO: Run Behavior\ReadHtmlCacheBehavior [ RunTime:0.010001s ]
INFO: [ app_begin ] --END-- [ RunTime:0.010001s ]
SQL: SHOW COLUMNS FROM `zl_article` [ RunTime:0.0180s ]
SQL: SELECT * FROM `zl_article` WHERE `deleted` = 0 AND `disabled` = 0 ORDER BY created_time  [ RunTime:0.0020s ]
SQL: SHOW COLUMNS FROM `zl_index_display` [ RunTime:0.0370s ]
SQL: SELECT * FROM `zl_index_display` WHERE `deleted` = 0 AND `disabled` = 0 AND `position_id` = 1 ORDER BY created_time DESC LIMIT 1   [ RunTime:0.0020s ]
SQL: SELECT * FROM `zl_article` WHERE ( article_id =34 ) LIMIT 1   [ RunTime:0.0020s ]
INFO: [ view_parse ] --START--
INFO: [ template_filter ] --START--
INFO: Run Behavior\ContentReplaceBehavior [ RunTime:0.000000s ]
INFO: [ template_filter ] --END-- [ RunTime:0.001000s ]
INFO: Run Behavior\ParseTemplateBehavior [ RunTime:0.043002s ]
INFO: [ view_parse ] --END-- [ RunTime:0.043002s ]
INFO: [ view_filter ] --START--
INFO: Run Behavior\WriteHtmlCacheBehavior [ RunTime:0.004000s ]
INFO: [ view_filter ] --END-- [ RunTime:0.004000s ]
INFO: [ app_end ] --START--
INFO: Run Behavior\ShowPageTraceBehavior [ RunTime:0.007000s ]
INFO: [ app_end ] --END-- [ RunTime:0.007000s ]

[ 2017-04-26T16:50:24+08:00 ] 127.0.0.1 /
INFO: [ app_init ] --START--
INFO: Run Behavior\BuildLiteBehavior [ RunTime:0.000000s ]
INFO: [ app_init ] --END-- [ RunTime:0.003000s ]
INFO: [ app_begin ] --START--
INFO: Run Behavior\ReadHtmlCacheBehavior [ RunTime:0.004000s ]
INFO: [ app_begin ] --END-- [ RunTime:0.004000s ]
SQL: SHOW COLUMNS FROM `zl_article` [ RunTime:0.0160s ]
SQL: SELECT * FROM `zl_article` WHERE `deleted` = 0 AND `disabled` = 0 ORDER BY created_time  [ RunTime:0.0010s ]
SQL: SHOW COLUMNS FROM `zl_index_display` [ RunTime:0.0190s ]
SQL: SELECT * FROM `zl_index_display` WHERE `deleted` = 0 AND `disabled` = 0 AND `position_id` = 1 ORDER BY created_time DESC LIMIT 1   [ RunTime:0.0030s ]
SQL: SELECT * FROM `zl_article` WHERE ( article_id =34 ) LIMIT 1   [ RunTime:0.0010s ]
INFO: [ view_parse ] --START--
INFO: [ template_filter ] --START--
INFO: Run Behavior\ContentReplaceBehavior [ RunTime:0.000000s ]
INFO: [ template_filter ] --END-- [ RunTime:0.001000s ]
INFO: Run Behavior\ParseTemplateBehavior [ RunTime:0.077004s ]
INFO: [ view_parse ] --END-- [ RunTime:0.077004s ]
INFO: [ view_filter ] --START--
INFO: Run Behavior\WriteHtmlCacheBehavior [ RunTime:0.004001s ]
INFO: [ view_filter ] --END-- [ RunTime:0.004001s ]
INFO: [ app_end ] --START--
INFO: Run Behavior\ShowPageTraceBehavior [ RunTime:0.020002s ]
INFO: [ app_end ] --END-- [ RunTime:0.020002s ]

[ 2017-04-26T16:51:19+08:00 ] 127.0.0.1 /
INFO: [ app_init ] --START--
INFO: Run Behavior\BuildLiteBehavior [ RunTime:0.000000s ]
INFO: [ app_init ] --END-- [ RunTime:0.007000s ]
INFO: [ app_begin ] --START--
INFO: Run Behavior\ReadHtmlCacheBehavior [ RunTime:0.007001s ]
INFO: [ app_begin ] --END-- [ RunTime:0.007001s ]
SQL: SHOW COLUMNS FROM `zl_article` [ RunTime:0.0160s ]
SQL: SELECT * FROM `zl_article` WHERE `deleted` = 0 AND `disabled` = 0 ORDER BY created_time  [ RunTime:0.0020s ]
SQL: SHOW COLUMNS FROM `zl_index_display` [ RunTime:0.0160s ]
SQL: SELECT * FROM `zl_index_display` WHERE `deleted` = 0 AND `disabled` = 0 AND `position_id` = 1 ORDER BY created_time DESC LIMIT 1   [ RunTime:0.0020s ]
SQL: SELECT * FROM `zl_article` WHERE ( article_id =34 ) LIMIT 1   [ RunTime:0.0010s ]
INFO: [ view_parse ] --START--
INFO: [ template_filter ] --START--
INFO: Run Behavior\ContentReplaceBehavior [ RunTime:0.000000s ]
INFO: [ template_filter ] --END-- [ RunTime:0.000000s ]
INFO: Run Behavior\ParseTemplateBehavior [ RunTime:0.168010s ]
INFO: [ view_parse ] --END-- [ RunTime:0.168010s ]
INFO: [ view_filter ] --START--
INFO: Run Behavior\WriteHtmlCacheBehavior [ RunTime:0.005000s ]
INFO: [ view_filter ] --END-- [ RunTime:0.005000s ]
INFO: [ app_end ] --START--
INFO: Run Behavior\ShowPageTraceBehavior [ RunTime:0.005000s ]
INFO: [ app_end ] --END-- [ RunTime:0.005000s ]

[ 2017-04-26T16:51:33+08:00 ] 127.0.0.1 /
INFO: [ app_init ] --START--
INFO: Run Behavior\BuildLiteBehavior [ RunTime:0.000000s ]
INFO: [ app_init ] --END-- [ RunTime:0.012001s ]
INFO: [ app_begin ] --START--
INFO: Run Behavior\ReadHtmlCacheBehavior [ RunTime:0.005000s ]
INFO: [ app_begin ] --END-- [ RunTime:0.005000s ]
SQL: SHOW COLUMNS FROM `zl_article` [ RunTime:0.0480s ]
SQL: SELECT * FROM `zl_article` WHERE `deleted` = 0 AND `disabled` = 0 ORDER BY created_time  [ RunTime:0.0030s ]
SQL: SHOW COLUMNS FROM `zl_index_display` [ RunTime:0.0170s ]
SQL: SELECT * FROM `zl_index_display` WHERE `deleted` = 0 AND `disabled` = 0 AND `position_id` = 1 ORDER BY created_time DESC LIMIT 1   [ RunTime:0.0010s ]
SQL: SELECT * FROM `zl_article` WHERE ( article_id =34 ) LIMIT 1   [ RunTime:0.0010s ]
INFO: [ view_parse ] --START--
INFO: [ template_filter ] --START--
INFO: Run Behavior\ContentReplaceBehavior [ RunTime:0.001000s ]
INFO: [ template_filter ] --END-- [ RunTime:0.001000s ]
INFO: Run Behavior\ParseTemplateBehavior [ RunTime:0.106006s ]
INFO: [ view_parse ] --END-- [ RunTime:0.106006s ]
INFO: [ view_filter ] --START--
INFO: Run Behavior\WriteHtmlCacheBehavior [ RunTime:0.004000s ]
INFO: [ view_filter ] --END-- [ RunTime:0.004000s ]
INFO: [ app_end ] --START--
INFO: Run Behavior\ShowPageTraceBehavior [ RunTime:0.005000s ]
INFO: [ app_end ] --END-- [ RunTime:0.005000s ]

[ 2017-04-26T16:57:27+08:00 ] 127.0.0.1 /
INFO: [ app_init ] --START--
INFO: Run Behavior\BuildLiteBehavior [ RunTime:0.000000s ]
INFO: [ app_init ] --END-- [ RunTime:0.004000s ]
INFO: [ app_begin ] --START--
INFO: Run Behavior\ReadHtmlCacheBehavior [ RunTime:0.005000s ]
INFO: [ app_begin ] --END-- [ RunTime:0.005000s ]
SQL: SHOW COLUMNS FROM `zl_article` [ RunTime:0.0160s ]
SQL: SELECT * FROM `zl_article` WHERE `deleted` = 0 AND `disabled` = 0 ORDER BY created_time  [ RunTime:0.0010s ]
SQL: SHOW COLUMNS FROM `zl_index_display` [ RunTime:0.0160s ]
SQL: SELECT * FROM `zl_index_display` WHERE `deleted` = 0 AND `disabled` = 0 AND `position_id` = 1 ORDER BY created_time DESC LIMIT 1   [ RunTime:0.0020s ]
SQL: SELECT * FROM `zl_article` WHERE ( article_id =34 ) LIMIT 1   [ RunTime:0.0010s ]
INFO: [ view_parse ] --START--
INFO: [ template_filter ] --START--
INFO: Run Behavior\ContentReplaceBehavior [ RunTime:0.000000s ]
INFO: [ template_filter ] --END-- [ RunTime:0.000000s ]
INFO: Run Behavior\ParseTemplateBehavior [ RunTime:0.069004s ]
INFO: [ view_parse ] --END-- [ RunTime:0.069004s ]
INFO: [ view_filter ] --START--
INFO: Run Behavior\WriteHtmlCacheBehavior [ RunTime:0.003000s ]
INFO: [ view_filter ] --END-- [ RunTime:0.003000s ]
INFO: [ app_end ] --START--
INFO: Run Behavior\ShowPageTraceBehavior [ RunTime:0.007001s ]
INFO: [ app_end ] --END-- [ RunTime:0.007001s ]

[ 2017-04-26T16:57:33+08:00 ] 127.0.0.1 /index.php/Home/Article/detail?article_id=33
INFO: [ app_init ] --START--
INFO: Run Behavior\BuildLiteBehavior [ RunTime:0.000000s ]
INFO: [ app_init ] --END-- [ RunTime:0.003000s ]
INFO: [ app_begin ] --START--
INFO: Run Behavior\ReadHtmlCacheBehavior [ RunTime:0.004000s ]
INFO: [ app_begin ] --END-- [ RunTime:0.004000s ]
SQL: SHOW COLUMNS FROM `zl_article` [ RunTime:0.0160s ]
SQL: SELECT * FROM `zl_article` WHERE ( article_id =33 ) LIMIT 1   [ RunTime:0.0020s ]
INFO: [ view_parse ] --START--
INFO: [ template_filter ] --START--
INFO: Run Behavior\ContentReplaceBehavior [ RunTime:0.070004s ]
INFO: [ template_filter ] --END-- [ RunTime:0.070004s ]
INFO: Run Behavior\ParseTemplateBehavior [ RunTime:0.103006s ]
INFO: [ view_parse ] --END-- [ RunTime:0.103006s ]
INFO: [ view_filter ] --START--
INFO: Run Behavior\WriteHtmlCacheBehavior [ RunTime:0.006000s ]
INFO: [ view_filter ] --END-- [ RunTime:0.006000s ]
INFO: [ app_end ] --START--
INFO: Run Behavior\ShowPageTraceBehavior [ RunTime:0.004001s ]
INFO: [ app_end ] --END-- [ RunTime:0.004001s ]

[ 2017-04-26T16:57:35+08:00 ] 127.0.0.1 /index.php/Home/Article/favicon.ico
INFO: [ app_init ] --START--
INFO: Run Behavior\BuildLiteBehavior [ RunTime:0.001000s ]
INFO: [ app_init ] --END-- [ RunTime:0.003001s ]

